0 info it worked if it ends with ok
1 verbose cli [ '/usr/bin/nodejs',
1 verbose cli   '/usr/bin/npm',
1 verbose cli   'install',
1 verbose cli   '-g',
1 verbose cli   'learnyounode' ]
2 info using npm@1.2.18
3 info using node@v0.10.15
4 verbose read json /usr/local/lib/package.json
5 verbose read json /usr/local/lib/package.json
6 verbose cache add [ 'learnyounode', null ]
7 verbose cache add name=undefined spec="learnyounode" args=["learnyounode",null]
8 verbose parsed url { protocol: null,
8 verbose parsed url   slashes: null,
8 verbose parsed url   auth: null,
8 verbose parsed url   host: null,
8 verbose parsed url   port: null,
8 verbose parsed url   hostname: null,
8 verbose parsed url   hash: null,
8 verbose parsed url   search: null,
8 verbose parsed url   query: null,
8 verbose parsed url   pathname: 'learnyounode',
8 verbose parsed url   path: 'learnyounode',
8 verbose parsed url   href: 'learnyounode' }
9 silly lockFile 8d456d9f-learnyounode learnyounode
10 verbose lock learnyounode /home/aleksandar/.npm/8d456d9f-learnyounode.lock
11 silly lockFile 8d456d9f-learnyounode learnyounode
12 silly lockFile 8d456d9f-learnyounode learnyounode
13 verbose addNamed [ 'learnyounode', '' ]
14 verbose addNamed [ null, '*' ]
15 silly lockFile a353de34-learnyounode learnyounode@
16 verbose lock learnyounode@ /home/aleksandar/.npm/a353de34-learnyounode.lock
17 silly addNameRange { name: 'learnyounode', range: '*', hasData: false }
18 verbose url raw learnyounode
19 verbose url resolving [ 'https://registry.npmjs.org/', './learnyounode' ]
20 verbose url resolved https://registry.npmjs.org/learnyounode
21 info trying registry request attempt 1 at 09:38:11
22 http GET https://registry.npmjs.org/learnyounode
23 http 200 https://registry.npmjs.org/learnyounode
24 silly registry.get cb [ 200,
24 silly registry.get   { date: 'Thu, 12 Jun 2014 07:38:12 GMT',
24 silly registry.get     server: 'CouchDB/1.5.0 (Erlang OTP/R16B03)',
24 silly registry.get     etag: '"E1LR9ENY98UEPEVPIGB0M0IK4"',
24 silly registry.get     'content-type': 'application/json',
24 silly registry.get     via: '1.1 varnish',
24 silly registry.get     'cache-control': 'max-age=1',
24 silly registry.get     'content-length': '54100',
24 silly registry.get     'accept-ranges': 'bytes',
24 silly registry.get     age: '953',
24 silly registry.get     'x-served-by': 'cache-sv94-SJC3, cache-fra1220-FRA',
24 silly registry.get     'x-cache': 'MISS, MISS',
24 silly registry.get     'x-cache-hits': '0, 0',
24 silly registry.get     'x-timer': 'S1402558692.282045,VS0,VE99',
24 silly registry.get     vary: 'Accept',
24 silly registry.get     'keep-alive': 'timeout=10, max=50',
24 silly registry.get     connection: 'Keep-Alive' } ]
25 silly addNameRange number 2 { name: 'learnyounode', range: '*', hasData: true }
26 silly addNameRange versions [ 'learnyounode',
26 silly addNameRange   [ '0.0.0',
26 silly addNameRange     '0.0.1',
26 silly addNameRange     '0.0.2',
26 silly addNameRange     '0.0.3',
26 silly addNameRange     '0.0.4',
26 silly addNameRange     '0.0.5',
26 silly addNameRange     '0.0.6',
26 silly addNameRange     '0.0.7',
26 silly addNameRange     '0.0.8',
26 silly addNameRange     '0.0.9',
26 silly addNameRange     '0.1.0',
26 silly addNameRange     '0.1.1',
26 silly addNameRange     '0.2.0',
26 silly addNameRange     '0.2.1',
26 silly addNameRange     '0.2.2',
26 silly addNameRange     '0.2.3',
26 silly addNameRange     '0.2.4',
26 silly addNameRange     '0.2.5',
26 silly addNameRange     '0.2.6',
26 silly addNameRange     '0.2.7',
26 silly addNameRange     '0.2.8',
26 silly addNameRange     '0.2.9',
26 silly addNameRange     '0.2.10',
26 silly addNameRange     '0.2.11',
26 silly addNameRange     '0.2.12',
26 silly addNameRange     '0.2.13',
26 silly addNameRange     '0.2.14',
26 silly addNameRange     '0.2.15',
26 silly addNameRange     '0.2.16',
26 silly addNameRange     '0.2.16-mimbug',
26 silly addNameRange     '0.3.0',
26 silly addNameRange     '0.3.1',
26 silly addNameRange     '0.3.2',
26 silly addNameRange     '0.3.3',
26 silly addNameRange     '0.4.0',
26 silly addNameRange     '0.4.1',
26 silly addNameRange     '1.0.0-alpha01',
26 silly addNameRange     '1.0.0' ] ]
27 verbose addNamed [ 'learnyounode', '1.0.0' ]
28 verbose addNamed [ '1.0.0', '1.0.0' ]
29 silly lockFile 0820d686-learnyounode-1-0-0 learnyounode@1.0.0
30 verbose lock learnyounode@1.0.0 /home/aleksandar/.npm/0820d686-learnyounode-1-0-0.lock
31 silly lockFile b5976a08-rnyounode-learnyounode-1-0-0-tgz https://registry.npmjs.org/learnyounode/-/learnyounode-1.0.0.tgz
32 verbose lock https://registry.npmjs.org/learnyounode/-/learnyounode-1.0.0.tgz /home/aleksandar/.npm/b5976a08-rnyounode-learnyounode-1-0-0-tgz.lock
33 verbose addRemoteTarball [ 'https://registry.npmjs.org/learnyounode/-/learnyounode-1.0.0.tgz',
33 verbose addRemoteTarball   '95883cf7eed78a538174385c5361adf5aa9cfbb5' ]
34 info retry fetch attempt 1 at 09:38:13
35 verbose fetch to= /home/aleksandar/tmp/npm-4394/1402558693287-0.7545237203594297/tmp.tgz
36 http GET https://registry.npmjs.org/learnyounode/-/learnyounode-1.0.0.tgz
37 http 200 https://registry.npmjs.org/learnyounode/-/learnyounode-1.0.0.tgz
38 silly shasum updated bytes 65536
39 silly shasum updated bytes 65536
40 silly shasum updated bytes 65536
41 silly shasum updated bytes 65536
42 silly shasum updated bytes 56944
43 info shasum 95883cf7eed78a538174385c5361adf5aa9cfbb5
43 info shasum /home/aleksandar/tmp/npm-4394/1402558693287-0.7545237203594297/tmp.tgz
44 verbose tar unpack /home/aleksandar/tmp/npm-4394/1402558693287-0.7545237203594297/tmp.tgz
45 silly lockFile dfc81acc-93287-0-7545237203594297-package /home/aleksandar/tmp/npm-4394/1402558693287-0.7545237203594297/package
46 verbose lock /home/aleksandar/tmp/npm-4394/1402558693287-0.7545237203594297/package /home/aleksandar/.npm/dfc81acc-93287-0-7545237203594297-package.lock
47 silly lockFile 89b30201-93287-0-7545237203594297-tmp-tgz /home/aleksandar/tmp/npm-4394/1402558693287-0.7545237203594297/tmp.tgz
48 verbose lock /home/aleksandar/tmp/npm-4394/1402558693287-0.7545237203594297/tmp.tgz /home/aleksandar/.npm/89b30201-93287-0-7545237203594297-tmp-tgz.lock
49 silly gunzTarPerm modes [ '755', '644' ]
50 silly gunzTarPerm extractEntry package.json
51 silly gunzTarPerm extractEntry .npmignore
52 silly gunzTarPerm extractEntry README.md
53 silly gunzTarPerm extractEntry LICENSE
54 silly gunzTarPerm extractEntry credits.js
55 silly gunzTarPerm extractEntry learnyounode.js
56 silly gunzTarPerm extractEntry .jshintrc
57 silly gunzTarPerm extractEntry exercises/http_uppercaserer/exercise.js
58 silly gunzTarPerm extractEntry exercises/http_uppercaserer/problem.md
59 silly gunzTarPerm extractEntry exercises/http_uppercaserer/solution/solution.js
60 silly gunzTarPerm extractEntry exercises/baby_steps/exercise.js
61 silly gunzTarPerm extractEntry exercises/baby_steps/problem.md
62 silly gunzTarPerm extractEntry exercises/baby_steps/solution/solution.js
63 silly gunzTarPerm extractEntry exercises/hello_world/exercise.js
64 silly gunzTarPerm extractEntry exercises/hello_world/problem.md
65 silly gunzTarPerm extractEntry exercises/hello_world/solution/solution.js
66 silly gunzTarPerm extractEntry exercises/http_client/exercise.js
67 silly gunzTarPerm extractEntry exercises/http_client/problem.md
68 silly gunzTarPerm extractEntry exercises/http_client/solution/solution.js
69 silly gunzTarPerm extractEntry exercises/http_collect/exercise.js
70 silly gunzTarPerm extractEntry exercises/http_collect/problem.md
71 silly gunzTarPerm extractEntry exercises/http_collect/solution/solution.js
72 silly gunzTarPerm extractEntry exercises/http_file_server/exercise.js
73 silly gunzTarPerm extractEntry exercises/http_file_server/problem.md
74 silly gunzTarPerm extractEntry exercises/http_file_server/solution/solution.js
75 silly gunzTarPerm extractEntry exercises/http_json_api_server/exercise.js
76 silly gunzTarPerm extractEntry exercises/http_json_api_server/problem.md
77 silly gunzTarPerm extractEntry exercises/http_json_api_server/solution/solution.js
78 silly gunzTarPerm extractEntry exercises/filtered_ls/exercise.js
79 silly gunzTarPerm extractEntry exercises/filtered_ls/file-list.json
80 silly gunzTarPerm extractEntry exercises/filtered_ls/problem.md
81 silly gunzTarPerm extractEntry exercises/filtered_ls/solution/solution.js
82 silly gunzTarPerm extractEntry exercises/juggling_async/exercise.js
83 silly gunzTarPerm extractEntry exercises/juggling_async/problem.md
84 silly gunzTarPerm extractEntry exercises/juggling_async/solution/solution.js
85 silly gunzTarPerm extractEntry exercises/make_it_modular/exercise.js
86 silly gunzTarPerm extractEntry exercises/make_it_modular/verify.js
87 silly gunzTarPerm extractEntry exercises/make_it_modular/wrap-requires.js
88 silly gunzTarPerm extractEntry exercises/make_it_modular/problem.md
89 silly gunzTarPerm extractEntry exercises/make_it_modular/solution/solution.js
90 silly gunzTarPerm extractEntry exercises/make_it_modular/solution/solution_filter.js
91 silly gunzTarPerm extractEntry exercises/menu.json
92 silly gunzTarPerm extractEntry exercises/my_first_async_io/exercise.js
93 silly gunzTarPerm extractEntry exercises/my_first_async_io/problem.md
94 silly gunzTarPerm extractEntry exercises/my_first_async_io/solution/solution.js
95 silly gunzTarPerm extractEntry exercises/my_first_io/exercise.js
96 silly gunzTarPerm extractEntry exercises/my_first_io/wrap.js
97 silly gunzTarPerm extractEntry exercises/my_first_io/problem.md
98 silly gunzTarPerm extractEntry exercises/my_first_io/solution/solution.js
99 silly gunzTarPerm extractEntry exercises/time_server/exercise.js
100 silly gunzTarPerm extractEntry exercises/time_server/setup.js
101 silly gunzTarPerm extractEntry exercises/time_server/problem.md
102 silly gunzTarPerm extractEntry exercises/time_server/solution/solution.js
103 silly gunzTarPerm extractEntry help.txt
104 silly gunzTarPerm extractEntry credits.txt
105 silly gunzTarPerm extractEntry lib/rndport.js
106 silly gunzTarPerm extractEntry node_apidoc/index.html
107 silly gunzTarPerm extractEntry node_apidoc/_toc.html
108 silly gunzTarPerm extractEntry node_apidoc/all.html
109 silly gunzTarPerm extractEntry node_apidoc/assert.html
110 silly gunzTarPerm extractEntry node_apidoc/assets/sh.css
111 silly gunzTarPerm extractEntry node_apidoc/assets/style.css
112 silly gunzTarPerm extractEntry node_apidoc/buffer.html
113 silly gunzTarPerm extractEntry node_apidoc/child_process.html
114 silly gunzTarPerm extractEntry node_apidoc/cluster.html
115 silly gunzTarPerm extractEntry node_apidoc/console.html
116 silly gunzTarPerm extractEntry node_apidoc/crypto.html
117 silly gunzTarPerm extractEntry node_apidoc/debugger.html
118 silly gunzTarPerm extractEntry node_apidoc/dgram.html
119 silly gunzTarPerm extractEntry node_apidoc/dns.html
120 silly gunzTarPerm extractEntry node_apidoc/documentation.html
121 silly gunzTarPerm extractEntry node_apidoc/domain.html
122 silly gunzTarPerm extractEntry node_apidoc/events.html
123 silly gunzTarPerm extractEntry node_apidoc/fs.html
124 silly gunzTarPerm extractEntry node_apidoc/globals.html
125 silly gunzTarPerm extractEntry node_apidoc/http.html
126 silly gunzTarPerm extractEntry node_apidoc/https.html
127 silly gunzTarPerm extractEntry node_apidoc/addons.html
128 silly gunzTarPerm extractEntry node_apidoc/modules.html
129 silly gunzTarPerm extractEntry node_apidoc/net.html
130 silly gunzTarPerm extractEntry node_apidoc/os.html
131 silly gunzTarPerm extractEntry node_apidoc/path.html
132 silly gunzTarPerm extractEntry node_apidoc/process.html
133 silly gunzTarPerm extractEntry node_apidoc/punycode.html
134 silly gunzTarPerm extractEntry node_apidoc/querystring.html
135 silly gunzTarPerm extractEntry node_apidoc/readline.html
136 silly gunzTarPerm extractEntry node_apidoc/repl.html
137 silly gunzTarPerm extractEntry node_apidoc/stream.html
138 silly gunzTarPerm extractEntry node_apidoc/string_decoder.html
139 silly gunzTarPerm extractEntry node_apidoc/synopsis.html
140 silly gunzTarPerm extractEntry node_apidoc/timers.html
141 silly gunzTarPerm extractEntry node_apidoc/tls.html
142 silly gunzTarPerm extractEntry node_apidoc/tty.html
143 silly gunzTarPerm extractEntry node_apidoc/url.html
144 silly gunzTarPerm extractEntry node_apidoc/util.html
145 silly gunzTarPerm extractEntry node_apidoc/vm.html
146 silly gunzTarPerm extractEntry node_apidoc/zlib.html
147 silly gunzTarPerm extractEntry docs/bl.html
148 silly gunzTarPerm extractEntry docs/concat-stream.html
149 silly gunzTarPerm extractEntry docs/through2-map.html
150 verbose read json /home/aleksandar/tmp/npm-4394/1402558693287-0.7545237203594297/package/package.json
151 silly lockFile dfc81acc-93287-0-7545237203594297-package /home/aleksandar/tmp/npm-4394/1402558693287-0.7545237203594297/package
152 silly lockFile dfc81acc-93287-0-7545237203594297-package /home/aleksandar/tmp/npm-4394/1402558693287-0.7545237203594297/package
153 silly lockFile 89b30201-93287-0-7545237203594297-tmp-tgz /home/aleksandar/tmp/npm-4394/1402558693287-0.7545237203594297/tmp.tgz
154 silly lockFile 89b30201-93287-0-7545237203594297-tmp-tgz /home/aleksandar/tmp/npm-4394/1402558693287-0.7545237203594297/tmp.tgz
155 verbose from cache /home/aleksandar/tmp/npm-4394/1402558693287-0.7545237203594297/package/package.json
156 verbose tar pack [ '/home/aleksandar/.npm/learnyounode/1.0.0/package.tgz',
156 verbose tar pack   '/home/aleksandar/tmp/npm-4394/1402558693287-0.7545237203594297/package' ]
157 verbose tarball /home/aleksandar/.npm/learnyounode/1.0.0/package.tgz
158 verbose folder /home/aleksandar/tmp/npm-4394/1402558693287-0.7545237203594297/package
159 silly lockFile dfc81acc-93287-0-7545237203594297-package /home/aleksandar/tmp/npm-4394/1402558693287-0.7545237203594297/package
160 verbose lock /home/aleksandar/tmp/npm-4394/1402558693287-0.7545237203594297/package /home/aleksandar/.npm/dfc81acc-93287-0-7545237203594297-package.lock
161 silly lockFile 259714a5-m-learnyounode-1-0-0-package-tgz /home/aleksandar/.npm/learnyounode/1.0.0/package.tgz
162 verbose lock /home/aleksandar/.npm/learnyounode/1.0.0/package.tgz /home/aleksandar/.npm/259714a5-m-learnyounode-1-0-0-package-tgz.lock
163 silly lockFile dfc81acc-93287-0-7545237203594297-package /home/aleksandar/tmp/npm-4394/1402558693287-0.7545237203594297/package
164 silly lockFile dfc81acc-93287-0-7545237203594297-package /home/aleksandar/tmp/npm-4394/1402558693287-0.7545237203594297/package
165 silly lockFile 259714a5-m-learnyounode-1-0-0-package-tgz /home/aleksandar/.npm/learnyounode/1.0.0/package.tgz
166 silly lockFile 259714a5-m-learnyounode-1-0-0-package-tgz /home/aleksandar/.npm/learnyounode/1.0.0/package.tgz
167 silly lockFile 83a90c62-r-npm-learnyounode-1-0-0-package /home/aleksandar/.npm/learnyounode/1.0.0/package
168 verbose lock /home/aleksandar/.npm/learnyounode/1.0.0/package /home/aleksandar/.npm/83a90c62-r-npm-learnyounode-1-0-0-package.lock
169 silly lockFile 83a90c62-r-npm-learnyounode-1-0-0-package /home/aleksandar/.npm/learnyounode/1.0.0/package
170 silly lockFile 83a90c62-r-npm-learnyounode-1-0-0-package /home/aleksandar/.npm/learnyounode/1.0.0/package
171 verbose tar unpack /home/aleksandar/.npm/learnyounode/1.0.0/package.tgz
172 silly lockFile 83a90c62-r-npm-learnyounode-1-0-0-package /home/aleksandar/.npm/learnyounode/1.0.0/package
173 verbose lock /home/aleksandar/.npm/learnyounode/1.0.0/package /home/aleksandar/.npm/83a90c62-r-npm-learnyounode-1-0-0-package.lock
174 silly lockFile 259714a5-m-learnyounode-1-0-0-package-tgz /home/aleksandar/.npm/learnyounode/1.0.0/package.tgz
175 verbose lock /home/aleksandar/.npm/learnyounode/1.0.0/package.tgz /home/aleksandar/.npm/259714a5-m-learnyounode-1-0-0-package-tgz.lock
176 silly gunzTarPerm modes [ '755', '644' ]
177 silly gunzTarPerm extractEntry package.json
178 silly gunzTarPerm extractEntry .npmignore
179 silly gunzTarPerm extractEntry README.md
180 silly gunzTarPerm extractEntry LICENSE
181 silly gunzTarPerm extractEntry credits.js
182 silly gunzTarPerm extractEntry learnyounode.js
183 silly gunzTarPerm extractEntry .jshintrc
184 silly gunzTarPerm extractEntry exercises/http_uppercaserer/exercise.js
185 silly gunzTarPerm extractEntry exercises/http_uppercaserer/problem.md
186 silly gunzTarPerm extractEntry exercises/http_uppercaserer/solution/solution.js
187 silly gunzTarPerm extractEntry exercises/baby_steps/exercise.js
188 silly gunzTarPerm extractEntry exercises/baby_steps/problem.md
189 silly gunzTarPerm extractEntry exercises/baby_steps/solution/solution.js
190 silly gunzTarPerm extractEntry exercises/hello_world/exercise.js
191 silly gunzTarPerm extractEntry exercises/hello_world/problem.md
192 silly gunzTarPerm extractEntry exercises/hello_world/solution/solution.js
193 silly gunzTarPerm extractEntry exercises/http_client/exercise.js
194 silly gunzTarPerm extractEntry exercises/http_client/problem.md
195 silly gunzTarPerm extractEntry exercises/http_client/solution/solution.js
196 silly gunzTarPerm extractEntry exercises/http_collect/exercise.js
197 silly gunzTarPerm extractEntry exercises/http_collect/problem.md
198 silly gunzTarPerm extractEntry exercises/http_collect/solution/solution.js
199 silly gunzTarPerm extractEntry exercises/http_file_server/exercise.js
200 silly gunzTarPerm extractEntry exercises/http_file_server/problem.md
201 silly gunzTarPerm extractEntry exercises/http_file_server/solution/solution.js
202 silly gunzTarPerm extractEntry exercises/http_json_api_server/exercise.js
203 silly gunzTarPerm extractEntry exercises/http_json_api_server/problem.md
204 silly gunzTarPerm extractEntry exercises/http_json_api_server/solution/solution.js
205 silly gunzTarPerm extractEntry exercises/filtered_ls/exercise.js
206 silly gunzTarPerm extractEntry exercises/filtered_ls/file-list.json
207 silly gunzTarPerm extractEntry exercises/filtered_ls/problem.md
208 silly gunzTarPerm extractEntry exercises/filtered_ls/solution/solution.js
209 silly gunzTarPerm extractEntry exercises/juggling_async/exercise.js
210 silly gunzTarPerm extractEntry exercises/juggling_async/problem.md
211 silly gunzTarPerm extractEntry exercises/juggling_async/solution/solution.js
212 silly gunzTarPerm extractEntry exercises/make_it_modular/exercise.js
213 silly gunzTarPerm extractEntry exercises/make_it_modular/verify.js
214 silly gunzTarPerm extractEntry exercises/make_it_modular/wrap-requires.js
215 silly gunzTarPerm extractEntry exercises/make_it_modular/problem.md
216 silly gunzTarPerm extractEntry exercises/make_it_modular/solution/solution.js
217 silly gunzTarPerm extractEntry exercises/make_it_modular/solution/solution_filter.js
218 silly gunzTarPerm extractEntry exercises/menu.json
219 silly gunzTarPerm extractEntry exercises/my_first_async_io/exercise.js
220 silly gunzTarPerm extractEntry exercises/my_first_async_io/problem.md
221 silly gunzTarPerm extractEntry exercises/my_first_async_io/solution/solution.js
222 silly gunzTarPerm extractEntry exercises/my_first_io/exercise.js
223 silly gunzTarPerm extractEntry exercises/my_first_io/wrap.js
224 silly gunzTarPerm extractEntry exercises/my_first_io/problem.md
225 silly gunzTarPerm extractEntry exercises/my_first_io/solution/solution.js
226 silly gunzTarPerm extractEntry exercises/time_server/exercise.js
227 silly gunzTarPerm extractEntry exercises/time_server/setup.js
228 silly gunzTarPerm extractEntry exercises/time_server/problem.md
229 silly gunzTarPerm extractEntry exercises/time_server/solution/solution.js
230 silly gunzTarPerm extractEntry help.txt
231 silly gunzTarPerm extractEntry credits.txt
232 silly gunzTarPerm extractEntry lib/rndport.js
233 silly gunzTarPerm extractEntry node_apidoc/index.html
234 silly gunzTarPerm extractEntry node_apidoc/_toc.html
235 silly gunzTarPerm extractEntry node_apidoc/all.html
236 silly gunzTarPerm extractEntry node_apidoc/assert.html
237 silly gunzTarPerm extractEntry node_apidoc/assets/sh.css
238 silly gunzTarPerm extractEntry node_apidoc/assets/style.css
239 silly gunzTarPerm extractEntry node_apidoc/buffer.html
240 silly gunzTarPerm extractEntry node_apidoc/child_process.html
241 silly gunzTarPerm extractEntry node_apidoc/cluster.html
242 silly gunzTarPerm extractEntry node_apidoc/console.html
243 silly gunzTarPerm extractEntry node_apidoc/crypto.html
244 silly gunzTarPerm extractEntry node_apidoc/debugger.html
245 silly gunzTarPerm extractEntry node_apidoc/dgram.html
246 silly gunzTarPerm extractEntry node_apidoc/dns.html
247 silly gunzTarPerm extractEntry node_apidoc/documentation.html
248 silly gunzTarPerm extractEntry node_apidoc/domain.html
249 silly gunzTarPerm extractEntry node_apidoc/events.html
250 silly gunzTarPerm extractEntry node_apidoc/fs.html
251 silly gunzTarPerm extractEntry node_apidoc/globals.html
252 silly gunzTarPerm extractEntry node_apidoc/http.html
253 silly gunzTarPerm extractEntry node_apidoc/https.html
254 silly gunzTarPerm extractEntry node_apidoc/addons.html
255 silly gunzTarPerm extractEntry node_apidoc/modules.html
256 silly gunzTarPerm extractEntry node_apidoc/net.html
257 silly gunzTarPerm extractEntry node_apidoc/os.html
258 silly gunzTarPerm extractEntry node_apidoc/path.html
259 silly gunzTarPerm extractEntry node_apidoc/process.html
260 silly gunzTarPerm extractEntry node_apidoc/punycode.html
261 silly gunzTarPerm extractEntry node_apidoc/querystring.html
262 silly gunzTarPerm extractEntry node_apidoc/readline.html
263 silly gunzTarPerm extractEntry node_apidoc/repl.html
264 silly gunzTarPerm extractEntry node_apidoc/stream.html
265 silly gunzTarPerm extractEntry node_apidoc/string_decoder.html
266 silly gunzTarPerm extractEntry node_apidoc/synopsis.html
267 silly gunzTarPerm extractEntry node_apidoc/timers.html
268 silly gunzTarPerm extractEntry node_apidoc/tls.html
269 silly gunzTarPerm extractEntry node_apidoc/tty.html
270 silly gunzTarPerm extractEntry node_apidoc/url.html
271 silly gunzTarPerm extractEntry node_apidoc/util.html
272 silly gunzTarPerm extractEntry node_apidoc/vm.html
273 silly gunzTarPerm extractEntry node_apidoc/zlib.html
274 silly gunzTarPerm extractEntry docs/bl.html
275 silly gunzTarPerm extractEntry docs/concat-stream.html
276 silly gunzTarPerm extractEntry docs/through2-map.html
277 verbose read json /home/aleksandar/.npm/learnyounode/1.0.0/package/package.json
278 silly lockFile 83a90c62-r-npm-learnyounode-1-0-0-package /home/aleksandar/.npm/learnyounode/1.0.0/package
279 silly lockFile 83a90c62-r-npm-learnyounode-1-0-0-package /home/aleksandar/.npm/learnyounode/1.0.0/package
280 silly lockFile 259714a5-m-learnyounode-1-0-0-package-tgz /home/aleksandar/.npm/learnyounode/1.0.0/package.tgz
281 silly lockFile 259714a5-m-learnyounode-1-0-0-package-tgz /home/aleksandar/.npm/learnyounode/1.0.0/package.tgz
282 silly shasum updated bytes 65536
283 silly shasum updated bytes 65536
284 silly shasum updated bytes 65536
285 silly shasum updated bytes 65536
286 silly shasum updated bytes 56944
287 info shasum 95883cf7eed78a538174385c5361adf5aa9cfbb5
287 info shasum /home/aleksandar/.npm/learnyounode/1.0.0/package.tgz
288 verbose from cache /home/aleksandar/.npm/learnyounode/1.0.0/package/package.json
289 verbose chmod /home/aleksandar/.npm/learnyounode/1.0.0/package.tgz 644
290 verbose chown /home/aleksandar/.npm/learnyounode/1.0.0/package.tgz [ 1000, 1000 ]
291 silly lockFile b5976a08-rnyounode-learnyounode-1-0-0-tgz https://registry.npmjs.org/learnyounode/-/learnyounode-1.0.0.tgz
292 silly lockFile b5976a08-rnyounode-learnyounode-1-0-0-tgz https://registry.npmjs.org/learnyounode/-/learnyounode-1.0.0.tgz
293 silly lockFile 0820d686-learnyounode-1-0-0 learnyounode@1.0.0
294 silly lockFile 0820d686-learnyounode-1-0-0 learnyounode@1.0.0
295 silly lockFile a353de34-learnyounode learnyounode@
296 silly lockFile a353de34-learnyounode learnyounode@
297 silly resolved [ { name: 'learnyounode',
297 silly resolved     version: '1.0.0',
297 silly resolved     description: 'Learn You The Node.js For Much Win! An intro to Node.js via a set of self-guided workshops.',
297 silly resolved     author:
297 silly resolved      { name: 'Rod Vagg',
297 silly resolved        email: 'rod@vagg.org',
297 silly resolved        url: 'https://github.com/rvagg' },
297 silly resolved     contributors: [ [Object], [Object], [Object], [Object], [Object], [Object] ],
297 silly resolved     repository:
297 silly resolved      { type: 'git',
297 silly resolved        url: 'https://github.com/rvagg/learnyounode.git' },
297 silly resolved     license: 'MIT',
297 silly resolved     dependencies:
297 silly resolved      { workshopper: '^1.0.0-alpha05',
297 silly resolved        'workshopper-exercise': '^0.2.2',
297 silly resolved        'workshopper-wrappedexec': '^0.1.1',
297 silly resolved        'workshopper-boilerplate': '0.0.1',
297 silly resolved        'concat-stream': '^1.4.1',
297 silly resolved        duplexer: '^0.1.1',
297 silly resolved        through: '^2.3.4',
297 silly resolved        boganipsum: '^0.1.0',
297 silly resolved        hyperquest: '^0.2.0',
297 silly resolved        bl: '^0.7.0',
297 silly resolved        'through2-map': '^1.2.1',
297 silly resolved        'colors-tmpl': '^0.1.0',
297 silly resolved        after: '^0.8.1',
297 silly resolved        rimraf: '^2.2.6',
297 silly resolved        chalk: '^0.4.0',
297 silly resolved        through2: '^0.4.1' },
297 silly resolved     bin: { learnyounode: './learnyounode.js' },
297 silly resolved     preferGlobal: true,
297 silly resolved     readme: '# Learn You The Node.js For Much Win!\n\n**An intro to Node.js via a set of self-guided workshops.**\n\n[![NPM](https://nodei.co/npm/learnyounode.png?downloads=true&stars=true)](https://nodei.co/npm/learnyounode/) [![NPM](https://nodei.co/npm-dl/learnyounode.png?months=3)](https://nodei.co/npm/learnyounode/)\n\n![Learn You The Node.js For Much Win!](https://raw.github.com/rvagg/learnyounode/master/learnyounode.png)\n\n  1. Install [Node.js](http://nodejs.org/)\n  2. Run `sudo npm install learnyounode -g`\n  3. Run `learnyounode`\n  4. **.. profit!**\n\n<b><code>learnyounode</code></b> will run through a series of Node.js workshops. Starting at a basic *"HELLO WORLD"* and moving on to more advanced exercises about dealing with synchronous & asynchronous I/O, filesystem operations, TCP and HTTP networking, events and streams.\n\nOnce you have finished <b><code>learnyounode</code></b>, graduate to <b><code>[stream-adventure](https://github.com/substack/stream-adventure)</code></b> for a set of exercises that dig in to Node\'s streams.\n\n### Contributors\n\n<b><code>learnyounode</code></b> is proudly brought to you by the following hackers:\n\n<table><tbody>\n<tr><th align="left">Rod Vagg</th><td><a href="https://github.com/rvagg">GitHub/rvagg</a></td><td><a href="http://twitter.com/rvagg">Twitter/@rvagg</a></td></tr>\n<tr><th align="left">Andrey Sidorov</th><td><a href="https://github.com/sidorares">GitHub/sidorares</a></td><td><a href="http://twitter.com/sidorares">Twitter/@sidorares</a></td></tr>\n<tr><th align="left">Julián Duque</th><td><a href="https://github.com/julianduque">GitHub/julianduque</a></td><td><a href="http://twitter.com/julian_duque">Twitter/@julian_duque</a></td></tr>\n<tr><th align="left">Lars-Magnus Skog</th><td><a href="https://github.com/ralphtheninja">GitHub/ralphtheninja</a></td><td><a href="http://twitter.com/ralphtheninja">Twitter/@ralphtheninja</a></td></tr>\n<tr><th align="left">Tim Inman</th><td><a href="https://github.com/thehack">GitHub/thehack</a></td><td><a href="http://twitter.com/timinman">Twitter/@timinman</a></td></tr>\n<tr><th align="left">Dan Flettre</th><td><a href="https://github.com/Flet">GitHub/Flet</a></td><td><a href="http://twitter.com/flettre">Twitter/@flettre</a></td></tr>\n</tbody></table>\n\n## License\n\n**learnyounode** is Copyright (c) 2013 Rod Vagg [@rvagg](https://twitter.com/rvagg) and licenced under the MIT licence. All rights not explicitly granted in the MIT license are reserved. See the included LICENSE file for more details.\n\n**learnyounode** builds on the excellent work by [@substack](https://github.com/substack) and [@maxogden](https://github.com/maxogden) who created **[stream-adventure](https://github.com/substack/stream-adventure)** which serves as the original foundation for **learnyounode**.\n',
297 silly resolved     readmeFilename: 'README.md',
297 silly resolved     _id: 'learnyounode@1.0.0',
297 silly resolved     dist: { shasum: '95883cf7eed78a538174385c5361adf5aa9cfbb5' },
297 silly resolved     _from: 'learnyounode@',
297 silly resolved     _resolved: 'https://registry.npmjs.org/learnyounode/-/learnyounode-1.0.0.tgz' } ]
298 info install learnyounode@1.0.0 into /usr/local/lib
299 info installOne learnyounode@1.0.0
300 verbose from cache /home/aleksandar/.npm/learnyounode/1.0.0/package/package.json
301 info /usr/local/lib/node_modules/learnyounode unbuild
302 verbose read json /usr/local/lib/node_modules/learnyounode/package.json
303 verbose tar unpack /home/aleksandar/.npm/learnyounode/1.0.0/package.tgz
304 silly lockFile 3267a39f-al-lib-node-modules-learnyounode /usr/local/lib/node_modules/learnyounode
305 verbose lock /usr/local/lib/node_modules/learnyounode /home/aleksandar/.npm/3267a39f-al-lib-node-modules-learnyounode.lock
306 silly lockFile 259714a5-m-learnyounode-1-0-0-package-tgz /home/aleksandar/.npm/learnyounode/1.0.0/package.tgz
307 verbose lock /home/aleksandar/.npm/learnyounode/1.0.0/package.tgz /home/aleksandar/.npm/259714a5-m-learnyounode-1-0-0-package-tgz.lock
308 silly gunzTarPerm modes [ '755', '644' ]
309 error Error: EACCES, mkdir '/usr/local/lib/node_modules'
309 error  { [Error: EACCES, mkdir '/usr/local/lib/node_modules']
309 error   errno: 3,
309 error   code: 'EACCES',
309 error   path: '/usr/local/lib/node_modules',
309 error   fstream_type: 'Directory',
309 error   fstream_path: '/usr/local/lib/node_modules/learnyounode',
309 error   fstream_class: 'DirWriter',
309 error   fstream_stack:
309 error    [ '/usr/lib/nodejs/fstream/lib/writer.js:171:23',
309 error      '/usr/lib/nodejs/mkdirp/index.js:51:17',
309 error      'Object.oncomplete (fs.js:107:15)' ] }
310 error Please try running this command again as root/Administrator.
311 error System Linux 3.11.0-12-generic
312 error command "/usr/bin/nodejs" "/usr/bin/npm" "install" "-g" "learnyounode"
313 error cwd /home/aleksandar/Git/PMS
314 error node -v v0.10.15
315 error npm -v 1.2.18
316 error path /usr/local/lib/node_modules
317 error fstream_path /usr/local/lib/node_modules/learnyounode
318 error fstream_type Directory
319 error fstream_class DirWriter
320 error code EACCES
321 error errno 3
322 error stack Error: EACCES, mkdir '/usr/local/lib/node_modules'
323 error fstream_stack /usr/lib/nodejs/fstream/lib/writer.js:171:23
323 error fstream_stack /usr/lib/nodejs/mkdirp/index.js:51:17
323 error fstream_stack Object.oncomplete (fs.js:107:15)
324 verbose exit [ 3, true ]
